INFO:sim:172 - Generating IP...
Applying current project options...
Finished applying current project options.
Customizing IP...
Qt: Untested Windows version 6.2 detected!
Release 14.7 - Xilinx CORE Generator IP GUI Launcher P.20131013 (nt64)
Copyright (c) 1995-2013 Xilinx, Inc.  All rights reserved.
Finished Customizing.
Generating IP...
WARNING:sim:89 - A core named <chipscope_ila_2> already exists in the output
   directory. Output products for this core may be overwritten.
Configuring files for chipscope_ila_2 root...
Gathering HDL files for chipscope_ila_2 root...
Creating XST project for chipscope_ila_2...
Creating XST script file for chipscope_ila_2...
Creating XST instantiation file for chipscope_ila_2...
Running XST for chipscope_ila_2...
XST: HDL Parsing
XST: HDL Elaboration
XST: HDL Synthesis
XST: Advanced HDL Synthesis
XST: Low Level Synthesis
XST: Design Summary
Generating VHDL wrapper
Not generating Verilog wrapper
Creating ISE instantiation template for chipscope_ila_2...
Skipping Verilog instantiation template for chipscope_ila_2...
Finished Generation.
Generating IP instantiation template...
Generating ASY schematic symbol...
INFO:sim:949 - Finished generation of ASY schematic symbol.
Generating SYM schematic symbol for 'chipscope_ila_2'...
Generating metadata file...
Generating ISE project...
XCO file found: chipscope_ila_2.xco
XMDF file found: chipscope_ila_2_xmdf.tcl
Adding
C:/Users/B1409_Server/Desktop/UT3_opensrc/BelleIIvt6127gp/ipcore_dir/tmp/_cg/chi
pscope_ila_2.asy -view all -origin_type imported
Adding
C:/Users/B1409_Server/Desktop/UT3_opensrc/BelleIIvt6127gp/ipcore_dir/tmp/_cg/chi
pscope_ila_2.ngc -view all -origin_type created
Checking file
"C:/Users/B1409_Server/Desktop/UT3_opensrc/BelleIIvt6127gp/ipcore_dir/tmp/_cg/ch
ipscope_ila_2.ngc" for project device match ...
File
"C:/Users/B1409_Server/Desktop/UT3_opensrc/BelleIIvt6127gp/ipcore_dir/tmp/_cg/ch
ipscope_ila_2.ngc" device information matches project device.
Adding
C:/Users/B1409_Server/Desktop/UT3_opensrc/BelleIIvt6127gp/ipcore_dir/tmp/_cg/chi
pscope_ila_2.vhd -view all -origin_type created
INFO:HDLCompiler:1061 - Parsing VHDL file
   "C:/Users/B1409_Server/Desktop/UT3_opensrc/BelleIIvt6127gp/ipcore_dir/tmp/_cg
   /chipscope_ila_2.vhd" into library work
INFO:ProjectMgmt - Parsing design hierarchy completed successfully.
Adding
C:/Users/B1409_Server/Desktop/UT3_opensrc/BelleIIvt6127gp/ipcore_dir/tmp/_cg/chi
pscope_ila_2.vho -view all -origin_type imported
INFO:TclTasksC:2116 - The automatic calculation of top has been turned-off.
   Please set the new top explicitly by running the "project set top" command.
   To re-calculate the new top automatically, set the "Auto Implementation Top"
   property to true.
Top level has been set to "/chipscope_ila_2"
Generating README file...
Generating FLIST file...
INFO:sim:948 - Finished FLIST file generation.
Launching README viewer...
Moving files to output directory...
Finished moving files to output directory
Wrote CGP file for project 'chipscope_ila_2'.
